app/build/intermediates/manifest_merge_blame_file/release/processReleaseMainManifest/manifest-merger-blame-release-report.txt
1<?xml version="1.0" encoding="utf-8"?>
2<manifest xmlns:android="http://schemas.android.com/apk/res/android"
3    package="com.aistudio.autoflow.bxyp"
4    android:versionCode="2"
5    android:versionName="1.1" >
6
7    <uses-sdk
7-->INJECTED
8        android:minSdkVersion="26"
8-->INJECTED
9        android:targetSdkVersion="36" />
9-->INJECTED
10
11    <uses-permission android:name="android.permission.FOREGROUND_SERVICE" />
11-->src\main\AndroidManifest.xml:3:5-77
11-->src\main\AndroidManifest.xml:3:22-74
12    <uses-permission android:name="android.permission.FOREGROUND_SERVICE_SPECIAL_USE" />
12-->src\main\AndroidManifest.xml:4:5-89
12-->src\main\AndroidManifest.xml:4:22-86
13    <uses-permission android:name="android.permission.POST_NOTIFICATIONS" />
13-->src\main\AndroidManifest.xml:5:5-77
13-->src\main\AndroidManifest.xml:5:22-74
14
15    <queries>
15-->src\main\AndroidManifest.xml:7:5-9:15
16        <package android:name="net.metaquotes.metatrader5" />
16-->src\main\AndroidManifest.xml:8:9-62
16-->src\main\AndroidManifest.xml:8:18-59
17    </queries>
18
19    <application
19-->src\main\AndroidManifest.xml:11:5-49:19
20        android:allowBackup="false"
20-->src\main\AndroidManifest.xml:12:9-36
21        android:dataExtractionRules="@xml/data_extraction_rules"
21-->src\main\AndroidManifest.xml:13:9-65
22        android:extractNativeLibs="false"
22-->INJECTED
23        android:fullBackupContent="false"
23-->src\main\AndroidManifest.xml:14:9-42
24        android:icon="@drawable/ic_launcher"
24-->src\main\AndroidManifest.xml:15:9-45
25        android:label="@string/app_name"
25-->src\main\AndroidManifest.xml:16:9-41
26        android:supportsRtl="true"
26-->src\main\AndroidManifest.xml:17:9-35
27        android:theme="@style/AppTheme"
27-->src\main\AndroidManifest.xml:18:9-40
28        android:usesCleartextTraffic="false" >
28-->src\main\AndroidManifest.xml:19:9-45
29        <activity
29-->src\main\AndroidManifest.xml:20:9-27:20
30            android:name="com.aistudio.autoflow.bxyp.MainActivity"
30-->src\main\AndroidManifest.xml:21:13-41
31            android:exported="true" >
31-->src\main\AndroidManifest.xml:22:13-36
32            <intent-filter>
32-->src\main\AndroidManifest.xml:23:13-26:29
33                <action android:name="android.intent.action.MAIN" />
33-->src\main\AndroidManifest.xml:24:17-69
33-->src\main\AndroidManifest.xml:24:25-66
34
35                <category android:name="android.intent.category.LAUNCHER" />
35-->src\main\AndroidManifest.xml:25:17-77
35-->src\main\AndroidManifest.xml:25:27-74
36            </intent-filter>
37        </activity>
38
39        <service
39-->src\main\AndroidManifest.xml:29:9-44:19
40            android:name="com.aistudio.autoflow.bxyp.service.LotAutomationService"
40-->src\main\AndroidManifest.xml:30:13-57
41            android:exported="false"
41-->src\main\AndroidManifest.xml:31:13-37
42            android:foregroundServiceType="specialUse"
42-->src\main\AndroidManifest.xml:32:13-55
43            android:label="@string/accessibility_service_name"
43-->src\main\AndroidManifest.xml:33:13-63
44            android:permission="android.permission.BIND_ACCESSIBILITY_SERVICE" >
44-->src\main\AndroidManifest.xml:34:13-79
45            <property
45-->src\main\AndroidManifest.xml:35:13-37:110
46                android:name="android.app.PROPERTY_SPECIAL_USE_FGS_SUBTYPE"
46-->src\main\AndroidManifest.xml:36:17-76
47                android:value="MT5 lot-size accessibility automation while explicitly enabled by the user" />
47-->src\main\AndroidManifest.xml:37:17-107
48
49            <intent-filter>
49-->src\main\AndroidManifest.xml:38:13-40:29
50                <action android:name="android.accessibilityservice.AccessibilityService" />
50-->src\main\AndroidManifest.xml:39:17-92
50-->src\main\AndroidManifest.xml:39:25-89
51            </intent-filter>
52
53            <meta-data
53-->src\main\AndroidManifest.xml:41:13-43:72
54                android:name="android.accessibilityservice"
54-->src\main\AndroidManifest.xml:42:17-60
55                android:resource="@xml/accessibility_service_config" />
55-->src\main\AndroidManifest.xml:43:17-69
56        </service>
57
58        <receiver
58-->src\main\AndroidManifest.xml:46:9-48:40
59            android:name="com.aistudio.autoflow.bxyp.service.AutomationActionReceiver"
59-->src\main\AndroidManifest.xml:47:13-61
60            android:exported="false" />
60-->src\main\AndroidManifest.xml:48:13-37
61    </application>
62
63</manifest>